<?xml version="1.0" encoding="UTF-8"?>
<!-- Generated by org.testng.reporters.JUnitXMLReporter -->
<testsuite ignored="2" hostname="Admin" failures="0" tests="1" name="Default test" time="0.115" errors="0" timestamp="13 May 2021 03:21:55 GMT">
  <testcase classname="tests.gmail.Testsuite_Demo" name="TC033" time="0.029"/>
  <testcase classname="tests.gmail.Testsuite_Demo" name="TC02" time="0.0">
    <ignored/>
  </testcase> <!-- TC02 -->
  <testcase classname="tests.gmail.Testsuite_Demo" name="TC01" time="0.0">
    <ignored/>
  </testcase> <!-- TC01 -->
</testsuite> <!-- Default test -->
