<?xml version="1.0" encoding="UTF-8" ?>
<testsuite tests="3" failures="2" name="TestSuite" time="1.546" errors="0" skipped="0">
  <properties>
[...]
</properties>
  <testcase classname="tests.gmail.Testsuite_Demo" name="TC01" time="1.373">
    <failure message="Password text box is not display expected [true] but found [false]" type="java.lang.AssertionError">java.lang.AssertionError: Password text box is not display expected [true] but found [false]
	at org.testng.Assert.fail(Assert.java:96)
	at org.testng.Assert.failNotEquals(Assert.java:776)
	at org.testng.Assert.assertTrue(Assert.java:44)
	at tests.gmail.Testsuite_Demo.TC01(Testsuite_Demo.java:36)
</failure>
    <system-out>Configuring TestNG with: org.apache.maven.surefire.testng.conf.TestNG652Configurator@5d22bbb7
Loading properties : conf.properties
Loading properties : profiles/default.properties
Loading properties : conf.properties
Loading properties : profiles/default.properties
Loading properties : conf.properties
Loading properties : profiles/default.properties
Running TC01
</system-out>
    <system-err>SLF4J: Failed to load class &quot;org.slf4j.impl.StaticLoggerBinder&quot;.
SLF4J: Defaulting to no-operation (NOP) logger implementation
SLF4J: See http://www.slf4j.org/codes.html#StaticLoggerBinder for further details.
Aug 01, 2021 6:58:29 PM org.openqa.selenium.remote.ProtocolHandshake createSession
INFO: Detected dialect: W3C
conf.properties not found !
conf.properties not found !
conf.properties not found !
log4j:WARN No appenders could be found for logger (utils.base.PageObjectHelper).
log4j:WARN Please initialize the log4j system properly.
log4j:WARN See http://logging.apache.org/log4j/1.2/faq.html#noconfig for more info.
</system-err>
  </testcase>
  <testcase classname="tests.gmail.Testsuite_Demo" name="TC02" time="0.053"/>
  <testcase classname="tests.gmail.Testsuite_Demo" name="TC03" time="0.12">
    <failure message="1" type="java.lang.ArrayIndexOutOfBoundsException">java.lang.ArrayIndexOutOfBoundsException: 1
	at tests.gmail.Testsuite_Demo.TC03(Testsuite_Demo.java:67)
</failure>
    <system-out>Running TC02
2
b
</system-out>
    <system-err>Aug 01, 2021 6:58:33 PM org.openqa.selenium.remote.ProtocolHandshake createSession
INFO: Detected dialect: W3C
</system-err>
  </testcase>
</testsuite>