<?xml version="1.0" encoding="UTF-8"?>
<testng-results skipped="0" failed="1" ignored="1" total="3" passed="1">
  <reporter-output>
  </reporter-output>
  <suite name="Selenium Gmail Test Suite" duration-ms="4155" started-at="2021-10-20T10:44:09Z" finished-at="2021-10-20T10:44:13Z">
    <groups>
    </groups>
    <test name="Selenium_GmailTest" duration-ms="4155" started-at="2021-10-20T10:44:09Z" finished-at="2021-10-20T10:44:13Z">
      <class name="tests.gmail.Testsuite_Demo">
        <test-method status="PASS" signature="setup(java.lang.String)[pri:0, instance:tests.gmail.Testsuite_Demo@55a561cf]" name="setup" is-config="true" duration-ms="1345" started-at="2021-10-20T10:44:07Z" finished-at="2021-10-20T10:44:09Z">
          <params>
            <param index="0">
              <value>
                <![CDATA[chrome]]>
              </value>
            </param>
          </params>
          <reporter-output>
          </reporter-output>
        </test-method> <!-- setup -->
        <test-method status="PASS" signature="startLog()[pri:0, instance:tests.gmail.Testsuite_Demo@55a561cf]" name="startLog" is-config="true" duration-ms="65" started-at="2021-10-20T10:44:09Z" finished-at="2021-10-20T10:44:09Z">
          <reporter-output>
          </reporter-output>
        </test-method> <!-- startLog -->
        <test-method status="FAIL" signature="TC01()[pri:0, instance:tests.gmail.Testsuite_Demo@55a561cf]" name="TC01" duration-ms="3573" started-at="2021-10-20T10:44:09Z" description="TC01" finished-at="2021-10-20T10:44:12Z">
          <exception class="java.lang.AssertionError">
            <message>
              <![CDATA[Password text box is not display expected [true] but found [false]]]>
            </message>
            <full-stacktrace>
              <![CDATA[java.lang.AssertionError: Password text box is not display expected [true] but found [false]
at org.testng.Assert.fail(Assert.java:96)
at org.testng.Assert.failNotEquals(Assert.java:776)
at org.testng.Assert.assertTrue(Assert.java:44)
at tests.gmail.Testsuite_Demo.TC01(Testsuite_Demo.java:36)
at sun.reflect.NativeMethodAccessorImpl.invoke0(Native Method)
at sun.reflect.NativeMethodAccessorImpl.invoke(NativeMethodAccessorImpl.java:62)
at sun.reflect.DelegatingMethodAccessorImpl.invoke(DelegatingMethodAccessorImpl.java:43)
at java.lang.reflect.Method.invoke(Method.java:498)
at org.testng.internal.MethodInvocationHelper.invokeMethod(MethodInvocationHelper.java:124)
at org.testng.internal.Invoker.invokeMethod(Invoker.java:583)
at org.testng.internal.Invoker.invokeTestMethod(Invoker.java:719)
at org.testng.internal.Invoker.invokeTestMethods(Invoker.java:989)
at org.testng.internal.TestMethodWorker.invokeTestMethods(TestMethodWorker.java:125)
at org.testng.internal.TestMethodWorker.run(TestMethodWorker.java:109)
at java.util.concurrent.ThreadPoolExecutor.runWorker(ThreadPoolExecutor.java:1149)
at java.util.concurrent.ThreadPoolExecutor$Worker.run(ThreadPoolExecutor.java:624)
at java.lang.Thread.run(Thread.java:748)
]]>
            </full-stacktrace>
          </exception> <!-- java.lang.AssertionError -->
          <reporter-output>
          </reporter-output>
        </test-method> <!-- TC01 -->
        <test-method status="PASS" signature="getResult()[pri:0, instance:tests.gmail.Testsuite_Demo@55a561cf]" name="getResult" is-config="true" duration-ms="114" started-at="2021-10-20T10:44:13Z" finished-at="2021-10-20T10:44:13Z">
          <reporter-output>
          </reporter-output>
        </test-method> <!-- getResult -->
        <test-method status="PASS" signature="TC02()[pri:0, instance:tests.gmail.Testsuite_Demo@55a561cf]" name="TC02" duration-ms="35" started-at="2021-10-20T10:44:13Z" description="TC02" finished-at="2021-10-20T10:44:13Z">
          <reporter-output>
          </reporter-output>
        </test-method> <!-- TC02 -->
        <test-method status="PASS" signature="startLog()[pri:0, instance:tests.gmail.Testsuite_Demo@55a561cf]" name="startLog" is-config="true" duration-ms="0" started-at="2021-10-20T10:44:13Z" finished-at="2021-10-20T10:44:13Z">
          <reporter-output>
          </reporter-output>
        </test-method> <!-- startLog -->
        <test-method status="PASS" signature="getResult()[pri:0, instance:tests.gmail.Testsuite_Demo@55a561cf]" name="getResult" is-config="true" duration-ms="0" started-at="2021-10-20T10:44:13Z" finished-at="2021-10-20T10:44:13Z">
          <reporter-output>
          </reporter-output>
        </test-method> <!-- getResult -->
        <test-method status="PASS" signature="terminate()[pri:0, instance:tests.gmail.Testsuite_Demo@55a561cf]" name="terminate" is-config="true" duration-ms="0" started-at="2021-10-20T10:44:13Z" finished-at="2021-10-20T10:44:13Z">
          <reporter-output>
          </reporter-output>
        </test-method> <!-- terminate -->
      </class> <!-- tests.gmail.Testsuite_Demo -->
    </test> <!-- Selenium_GmailTest -->
  </suite> <!-- Selenium Gmail Test Suite -->
</testng-results>
