-------------------------------------------------------------------------------
Test set: TestSuite
-------------------------------------------------------------------------------
Tests run: 2, Failures: 1, Errors: 0, Skipped: 0, Time elapsed: 6.669 sec <<< FAILURE! - in TestSuite
TC01(tests.gmail.Testsuite_Demo)  Time elapsed: 3.911 sec  <<< FAILURE!
java.lang.AssertionError: Password text box is not display expected [true] but found [false]
	at tests.gmail.Testsuite_Demo.TC01(Testsuite_Demo.java:36)

