<?xml version="1.0" encoding="UTF-8"?>
<testng-results ignored="1" total="3" passed="1" failed="1" skipped="0">
  <reporter-output>
  </reporter-output>
  <suite started-at="2021-12-22T14:52:28 ICT" name="Selenium Gmail Test Suite" finished-at="2021-12-22T14:52:30 ICT" duration-ms="2411">
    <groups>
    </groups>
    <test started-at="2021-12-22T14:52:28 ICT" name="Selenium_GmailTest" finished-at="2021-12-22T14:52:30 ICT" duration-ms="2411">
      <class name="tests.gmail.Testsuite_Demo">
        <test-method is-config="true" signature="setup(java.lang.String)[pri:0, instance:tests.gmail.Testsuite_Demo@13b13b5d]" started-at="2021-12-22T14:52:26 ICT" name="setup" finished-at="2021-12-22T14:52:28 ICT" duration-ms="1581" status="PASS">
          <params>
            <param index="0">
              <value>
                <![CDATA[chrome]]>
              </value>
            </param>
          </params>
          <reporter-output>
          </reporter-output>
        </test-method> <!-- setup -->
        <test-method is-config="true" signature="startLog()[pri:0, instance:tests.gmail.Testsuite_Demo@13b13b5d]" started-at="2021-12-22T14:52:28 ICT" name="startLog" finished-at="2021-12-22T14:52:28 ICT" duration-ms="83" status="PASS">
          <reporter-output>
          </reporter-output>
        </test-method> <!-- startLog -->
        <test-method signature="TC01()[pri:0, instance:tests.gmail.Testsuite_Demo@13b13b5d]" started-at="2021-12-22T14:52:28 ICT" name="TC01" description="TC01" finished-at="2021-12-22T14:52:30 ICT" duration-ms="1997" status="FAIL">
          <exception class="java.lang.AssertionError">
            <message>
              <![CDATA[Password text box is not display expected [true] but found [false]]]>
            </message>
            <full-stacktrace>
              <![CDATA[java.lang.AssertionError: Password text box is not display expected [true] but found [false]
at org.testng.Assert.fail(Assert.java:99)
at org.testng.Assert.failNotEquals(Assert.java:1037)
at org.testng.Assert.assertTrue(Assert.java:45)
at tests.gmail.Testsuite_Demo.TC01(Testsuite_Demo.java:35)
at java.base/jdk.internal.reflect.NativeMethodAccessorImpl.invoke0(Native Method)
at java.base/jdk.internal.reflect.NativeMethodAccessorImpl.invoke(NativeMethodAccessorImpl.java:64)
at java.base/jdk.internal.reflect.DelegatingMethodAccessorImpl.invoke(DelegatingMethodAccessorImpl.java:43)
at java.base/java.lang.reflect.Method.invoke(Method.java:564)
at org.testng.internal.MethodInvocationHelper.invokeMethod(MethodInvocationHelper.java:132)
at org.testng.internal.TestInvoker.invokeMethod(TestInvoker.java:599)
at org.testng.internal.TestInvoker.invokeTestMethod(TestInvoker.java:174)
at org.testng.internal.MethodRunner.runInSequence(MethodRunner.java:46)
at org.testng.internal.TestInvoker$MethodInvocationAgent.invoke(TestInvoker.java:822)
at org.testng.internal.TestInvoker.invokeTestMethods(TestInvoker.java:147)
at org.testng.internal.TestMethodWorker.invokeTestMethods(TestMethodWorker.java:146)
at org.testng.internal.TestMethodWorker.run(TestMethodWorker.java:128)
at java.base/java.util.concurrent.ThreadPoolExecutor.runWorker(ThreadPoolExecutor.java:1130)
at java.base/java.util.concurrent.ThreadPoolExecutor$Worker.run(ThreadPoolExecutor.java:630)
at java.base/java.lang.Thread.run(Thread.java:832)
]]>
            </full-stacktrace>
          </exception> <!-- java.lang.AssertionError -->
          <reporter-output>
          </reporter-output>
        </test-method> <!-- TC01 -->
        <test-method is-config="true" signature="getResult()[pri:0, instance:tests.gmail.Testsuite_Demo@13b13b5d]" started-at="2021-12-22T14:52:30 ICT" name="getResult" finished-at="2021-12-22T14:52:30 ICT" duration-ms="48" status="PASS">
          <reporter-output>
          </reporter-output>
        </test-method> <!-- getResult -->
        <test-method is-config="true" signature="startLog()[pri:0, instance:tests.gmail.Testsuite_Demo@13b13b5d]" started-at="2021-12-22T14:52:30 ICT" name="startLog" finished-at="2021-12-22T14:52:30 ICT" duration-ms="1" status="PASS">
          <reporter-output>
          </reporter-output>
        </test-method> <!-- startLog -->
        <test-method signature="TC02()[pri:0, instance:tests.gmail.Testsuite_Demo@13b13b5d]" started-at="2021-12-22T14:52:30 ICT" name="TC02" description="TC02" finished-at="2021-12-22T14:52:30 ICT" duration-ms="32" status="PASS">
          <reporter-output>
          </reporter-output>
        </test-method> <!-- TC02 -->
        <test-method is-config="true" signature="getResult()[pri:0, instance:tests.gmail.Testsuite_Demo@13b13b5d]" started-at="2021-12-22T14:52:30 ICT" name="getResult" finished-at="2021-12-22T14:52:30 ICT" duration-ms="0" status="PASS">
          <reporter-output>
          </reporter-output>
        </test-method> <!-- getResult -->
        <test-method is-config="true" signature="terminate()[pri:0, instance:tests.gmail.Testsuite_Demo@13b13b5d]" started-at="2021-12-22T14:52:30 ICT" name="terminate" finished-at="2021-12-22T14:52:30 ICT" duration-ms="0" status="PASS">
          <reporter-output>
          </reporter-output>
        </test-method> <!-- terminate -->
      </class> <!-- tests.gmail.Testsuite_Demo -->
    </test> <!-- Selenium_GmailTest -->
  </suite> <!-- Selenium Gmail Test Suite -->
</testng-results>
